# JRE version: Java(TM) SE Runtime Environment (17.0.7+8) (build 17.0.7+8-LTS-224)
# Java VM: Java HotSpot(TM) 64-Bit Server VM (17.0.7+8-LTS-224, mixed mode, sharing, tiered, compressed oops, compressed class ptrs, g1 gc, windows-amd64)
GC Precious Log:
 CPUs: 12 total, 12 available
 Memory: 15765M
 Large Page Support: Disabled
 NUMA Support: Disabled
 Compressed Oops: Enabled (Zero based)
 Heap Region Size: 2M
 Heap Min Capacity: 8M
 Heap Initial Capacity: 248M
 Heap Max Capacity: 3942M
 Pre-touch: Disabled
 Parallel Workers: 10
 Concurrent Workers: 3
 Concurrent Refinement Workers: 10
 Periodic GC: Disabled
Heap:
 garbage-first heap   total 75776K, used 34715K [0x0000000709a00000, 0x0000000800000000)
  region size 2048K, 11 young (22528K), 2 survivors (4096K)
 Metaspace       used 42968K, committed 43392K, reserved 1089536K
  class space    used 5731K, committed 5952K, reserved 1048576K
GC Heap History (16 events):
Event: 0.455 GC heap before
{Heap before GC invocations=0 (full 0):
 garbage-first heap   total 253952K, used 22528K [0x0000000709a00000, 0x0000000800000000)
  region size 2048K, 11 young (22528K), 0 survivors (0K)
 Metaspace       used 5789K, committed 5952K, reserved 1056768K
  class space    used 687K, committed 768K, reserved 1048576K
}
Event: 0.458 GC heap after
{Heap after GC invocations=1 (full 0):
 garbage-first heap   total 253952K, used 6576K [0x0000000709a00000, 0x0000000800000000)
  region size 2048K, 2 young (4096K), 2 survivors (4096K)
 Metaspace       used 5789K, committed 5952K, reserved 1056768K
  class space    used 687K, committed 768K, reserved 1048576K
}
Event: 0.723 GC heap before
{Heap before GC invocations=1 (full 0):
 garbage-first heap   total 253952K, used 29104K [0x0000000709a00000, 0x0000000800000000)
  region size 2048K, 13 young (26624K), 2 survivors (4096K)
 Metaspace       used 10864K, committed 11136K, reserved 1064960K
  class space    used 1452K, committed 1600K, reserved 1048576K
}
Event: 0.727 GC heap after
{Heap after GC invocations=2 (full 0):
 garbage-first heap   total 253952K, used 8324K [0x0000000709a00000, 0x0000000800000000)
  region size 2048K, 1 young (2048K), 1 survivors (2048K)
 Metaspace       used 10864K, committed 11136K, reserved 1064960K
  class space    used 1452K, committed 1600K, reserved 1048576K
}
Event: 1.194 GC heap before
{Heap before GC invocations=2 (full 0):
 garbage-first heap   total 253952K, used 57476K [0x0000000709a00000, 0x0000000800000000)
  region size 2048K, 25 young (51200K), 1 survivors (2048K)
 Metaspace       used 20385K, committed 20672K, reserved 1073152K
  class space    used 2608K, committed 2752K, reserved 1048576K
}
Event: 1.198 GC heap after
{Heap after GC invocations=3 (full 0):
 garbage-first heap   total 253952K, used 13000K [0x0000000709a00000, 0x0000000800000000)
  region size 2048K, 4 young (8192K), 4 survivors (8192K)
 Metaspace       used 20385K, committed 20672K, reserved 1073152K
  class space    used 2608K, committed 2752K, reserved 1048576K
}
Event: 1.291 GC heap before
{Heap before GC invocations=3 (full 0):
 garbage-first heap   total 253952K, used 17096K [0x0000000709a00000, 0x0000000800000000)
  region size 2048K, 7 young (14336K), 4 survivors (8192K)
 Metaspace       used 21272K, committed 21504K, reserved 1073152K
  class space    used 2716K, committed 2816K, reserved 1048576K
}
Event: 1.294 GC heap after
{Heap after GC invocations=4 (full 0):
 garbage-first heap   total 253952K, used 13332K [0x0000000709a00000, 0x0000000800000000)
  region size 2048K, 4 young (8192K), 4 survivors (8192K)
 Metaspace       used 21272K, committed 21504K, reserved 1073152K
  class space    used 2716K, committed 2816K, reserved 1048576K
}
Event: 1.891 GC heap before
{Heap before GC invocations=5 (full 0):
 garbage-first heap   total 61440K, used 42004K [0x0000000709a00000, 0x0000000800000000)
  region size 2048K, 18 young (36864K), 4 survivors (8192K)
 Metaspace       used 26453K, committed 26880K, reserved 1073152K
  class space    used 3456K, committed 3648K, reserved 1048576K
}
Event: 1.899 GC heap after
{Heap after GC invocations=6 (full 0):
 garbage-first heap   total 61440K, used 15745K [0x0000000709a00000, 0x0000000800000000)
  region size 2048K, 2 young (4096K), 2 survivors (4096K)
 Metaspace       used 26453K, committed 26880K, reserved 1073152K
  class space    used 3456K, committed 3648K, reserved 1048576K
}
Event: 1.937 GC heap before
{Heap before GC invocations=6 (full 0):
 garbage-first heap   total 61440K, used 17793K [0x0000000709a00000, 0x0000000800000000)
  region size 2048K, 3 young (6144K), 2 survivors (4096K)
 Metaspace       used 26683K, committed 27072K, reserved 1073152K
  class space    used 3505K, committed 3712K, reserved 1048576K
}
Event: 1.943 GC heap after
{Heap after GC invocations=7 (full 0):
 garbage-first heap   total 61440K, used 16251K [0x0000000709a00000, 0x0000000800000000)
  region size 2048K, 1 young (2048K), 1 survivors (2048K)
 Metaspace       used 26683K, committed 27072K, reserved 1073152K
  class space    used 3505K, committed 3712K, reserved 1048576K
}
Event: 2.361 GC heap before
{Heap before GC invocations=7 (full 0):
 garbage-first heap   total 61440K, used 40827K [0x0000000709a00000, 0x0000000800000000)
  region size 2048K, 13 young (26624K), 1 survivors (2048K)
 Metaspace       used 30674K, committed 31168K, reserved 1081344K
  class space    used 4023K, committed 4288K, reserved 1048576K
}
Event: 2.363 GC heap after
{Heap after GC invocations=8 (full 0):
 garbage-first heap   total 157696K, used 17451K [0x0000000709a00000, 0x0000000800000000)
  region size 2048K, 1 young (2048K), 1 survivors (2048K)
 Metaspace       used 30674K, committed 31168K, reserved 1081344K
  class space    used 4023K, committed 4288K, reserved 1048576K
}
Event: 2.694 GC heap before
{Heap before GC invocations=8 (full 0):
 garbage-first heap   total 157696K, used 35883K [0x0000000709a00000, 0x0000000800000000)
  region size 2048K, 11 young (22528K), 1 survivors (2048K)
 Metaspace       used 35641K, committed 36096K, reserved 1081344K
  class space    used 4762K, committed 4992K, reserved 1048576K
}
Event: 2.696 GC heap after
{Heap after GC invocations=9 (full 0):
 garbage-first heap   total 157696K, used 18331K [0x0000000709a00000, 0x0000000800000000)
  region size 2048K, 2 young (4096K), 2 survivors (4096K)
 Metaspace       used 35641K, committed 36096K, reserved 1081344K
  class space    used 4762K, committed 4992K, reserved 1048576K
}

